2023-11-09 13:37:33 - 0.000 sec.
2023-11-09 13:37:33 - ================== [Copy START] ==================
2023-11-09 13:37:33 - 0.000 sec.
2023-11-09 13:37:33 - [Clear filters]
2023-11-09 13:37:33 - 0.001 sec.
2023-11-09 13:37:33 - [Copy attributes start]
2023-11-09 13:37:33 - 0.000 sec.
2023-11-09 13:37:33 - [Delete old product value (attribute) relations]
2023-11-09 13:37:33 - 0.000 sec.
2023-11-09 13:37:33 - [Create attribute cache]
2023-11-09 13:37:33 - 0.000 sec.
2023-11-09 13:37:33 - [Attribute condition]  WHERE attribute_id IN(2,5,13,11,4)
2023-11-09 13:37:33 - 0.087 sec.
2023-11-09 13:37:33 - [Insert filters]
2023-11-09 13:37:33 - 0.000 sec.
2023-11-09 13:37:33 - [Insert filters description]
2023-11-09 13:37:33 - 0.000 sec.
2023-11-09 13:37:33 - [Insert filter values]
2023-11-09 13:37:33 - 0.011 sec.
2023-11-09 13:37:33 - [Insert filter values description]
2023-11-09 13:37:33 - 0.027 sec.
2023-11-09 13:37:33 - [Insert product value new relations]
2023-11-09 13:37:33 - 0.033 sec.
2023-11-09 13:37:33 - [Set categories]
2023-11-09 13:37:33 - 0.014 sec.
2023-11-09 13:37:33 - [Set store]
2023-11-09 13:37:33 - 0.001 sec.
2023-11-09 13:37:33 - [Disable bad filters]
2023-11-09 13:37:33 - 0.000 sec.
2023-11-09 13:37:33 - [Convert sliders]
2023-11-09 13:37:33 - 0.028 sec.
2023-11-09 13:37:33 - [Optimize]
2023-11-09 13:37:33 - 0.009 sec.
2023-11-09 13:37:33 - [Clear cache]
2023-11-09 13:37:33 - 0.000 sec.
2023-11-09 13:37:33 - ================== [Copy END] ==== (0.211 sec. total) ==============
2023-11-09 13:37:33 - 0.000 sec.
2023-11-09 13:37:33 - 1699537052039
